2024/01/10 17:40:53 Populating filesystem...
2024/01/10 17:40:53 callFusermount: executing ["/usr/bin/fusermount" "/nfs-share" "-o" "subtype=rawBridge,max_read=131072"]
2024/01/10 17:40:53 rx 2: INIT n0 {7.39 Ra 131072 ASYNC_READ,POSIX_LOCKS,ATOMIC_O_TRUNC,EXPORT_SUPPORT,BIG_WRITES,DONT_MASK,SPLICE_WRITE,SPLICE_MOVE,SPLICE_READ,FLOCK_LOCKS,IOCTL_DIR,AUTO_INVAL_DATA,READDIRPLUS,READDIRPLUS_AUTO,ASYNC_DIO,WRITEBACK_CACHE,NO_OPEN_SUPPORT,PARALLEL_DIROPS,HANDLE_KILLPRIV,POSIX_ACL,ABORT_ERROR,MAX_PAGES,CACHE_SYMLINKS,NO_OPENDIR_SUPPORT,EXPLICIT_INVAL_DATA,HANDLE_KILLPRIV_V2,SETXATTR_EXT,INIT_EXT,SECURITY_CTX,HAS_INODE_DAX,CREATE_SUPP_GROUP,HAS_EXPIRE_ONLY,DIRECT_IO_RELAX} 
2024/01/10 17:40:53 tx 2:     OK, {7.28 Ra 131072 ASYNC_READ,BIG_WRITES,AUTO_INVAL_DATA,READDIRPLUS,NO_OPEN_SUPPORT,PARALLEL_DIROPS,MAX_PAGES 0/0 Wr 131072 Tg 0 MaxPages 32}
2024/01/10 17:40:53 rx 4: GETATTR n1 {Fh 0 } 
2024/01/10 17:40:53 tx 4:     OK, {tA=0s {M040755 SZ=0 L=0 0:0 B0*4096 i0:0 A 0.000000 M 0.000000 C 0.000000}}
2024/01/10 17:40:53 rx 8: STATFS n1 
2024/01/10 17:40:53 tx 8:     OK, {blocks (0,0)/0 files 0/0 bs0 nl0 frs0}
2024/01/10 17:40:53 rx 6: LOOKUP n1 [".go-fuse-epoll-hack"] 20b
2024/01/10 17:40:53 tx 6:     OK, {n18446744073709551615 g0 tE=0s tA=0s {M0100644 SZ=0 L=1 0:0 B0*0 i0:18446744073709551615 A 0.000000 M 0.000000 C 0.000000}}
2024/01/10 17:40:53 rx 10: OPEN n18446744073709551615 {LARGEFILE} 
2024/01/10 17:40:53 tx 10:     OK, {Fh 18446744073709551615 }
2024/01/10 17:40:53 rx 12: POLL n18446744073709551615 
2024/01/10 17:40:53 tx 12:     38=function not implemented
2024/01/10 17:40:53 rx 14: FLUSH n18446744073709551615 {Fh 18446744073709551615} 
2024/01/10 17:40:53 tx 14:     OK
2024/01/10 17:40:53 Mounted on /nfs-share
2024/01/10 17:40:53 Unmount by calling 'fusermount -u /nfs-share'
2024/01/10 17:40:53 rx 16: RELEASE n18446744073709551615 {Fh 18446744073709551615 LARGEFILE  L0} 
2024/01/10 17:40:53 tx 16:     OK
2024/01/10 17:40:54 rx 18: GETATTR n1 {Fh 0 } 
2024/01/10 17:40:54 tx 18:     OK, {tA=0s {M040755 SZ=0 L=0 0:0 B0*4096 i0:0 A 0.000000 M 0.000000 C 0.000000}}
2024/01/10 17:40:54 rx 20: STATFS n1 
2024/01/10 17:40:54 tx 20:     OK, {blocks (0,0)/0 files 0/0 bs0 nl0 frs0}
2024/01/10 17:41:35 rx 22: GETATTR n1 {Fh 0 } 
2024/01/10 17:41:35 tx 22:     OK, {tA=0s {M040755 SZ=0 L=0 0:0 B0*4096 i0:0 A 0.000000 M 0.000000 C 0.000000}}
2024/01/10 17:41:35 rx 24: GETATTR n1 {Fh 0 } 
2024/01/10 17:41:35 tx 24:     OK, {tA=0s {M040755 SZ=0 L=0 0:0 B0*4096 i0:0 A 0.000000 M 0.000000 C 0.000000}}
2024/01/10 17:41:39 rx 26: GETATTR n1 {Fh 0 } 
2024/01/10 17:41:39 tx 26:     OK, {tA=0s {M040755 SZ=0 L=0 0:0 B0*4096 i0:0 A 0.000000 M 0.000000 C 0.000000}}
2024/01/10 17:41:42 rx 28: GETATTR n1 {Fh 0 } 
2024/01/10 17:41:42 tx 28:     OK, {tA=0s {M040755 SZ=0 L=0 0:0 B0*4096 i0:0 A 0.000000 M 0.000000 C 0.000000}}
2024/01/10 17:41:42 rx 30: GETATTR n1 {Fh 0 } 
2024/01/10 17:41:42 tx 30:     OK, {tA=0s {M040755 SZ=0 L=0 0:0 B0*4096 i0:0 A 0.000000 M 0.000000 C 0.000000}}
2024/01/10 17:41:42 rx 32: GETATTR n1 {Fh 0 } 
2024/01/10 17:41:42 tx 32:     OK, {tA=0s {M040755 SZ=0 L=0 0:0 B0*4096 i0:0 A 0.000000 M 0.000000 C 0.000000}}
2024/01/10 17:41:43 rx 34: GETATTR n1 {Fh 0 } 
2024/01/10 17:41:43 tx 34:     OK, {tA=0s {M040755 SZ=0 L=0 0:0 B0*4096 i0:0 A 0.000000 M 0.000000 C 0.000000}}
2024/01/10 17:41:43 rx 36: GETATTR n1 {Fh 0 } 
2024/01/10 17:41:43 tx 36:     OK, {tA=0s {M040755 SZ=0 L=0 0:0 B0*4096 i0:0 A 0.000000 M 0.000000 C 0.000000}}
2024/01/10 17:41:43 rx 38: GETATTR n1 {Fh 0 } 
2024/01/10 17:41:43 tx 38:     OK, {tA=0s {M040755 SZ=0 L=0 0:0 B0*4096 i0:0 A 0.000000 M 0.000000 C 0.000000}}
2024/01/10 17:41:43 rx 40: GETATTR n1 {Fh 0 } 
2024/01/10 17:41:43 tx 40:     OK, {tA=0s {M040755 SZ=0 L=0 0:0 B0*4096 i0:0 A 0.000000 M 0.000000 C 0.000000}}
2024/01/10 17:41:43 rx 42: GETATTR n1 {Fh 0 } 
2024/01/10 17:41:43 tx 42:     OK, {tA=0s {M040755 SZ=0 L=0 0:0 B0*4096 i0:0 A 0.000000 M 0.000000 C 0.000000}}
2024/01/10 17:41:43 rx 44: GETATTR n1 {Fh 0 } 
2024/01/10 17:41:43 tx 44:     OK, {tA=0s {M040755 SZ=0 L=0 0:0 B0*4096 i0:0 A 0.000000 M 0.000000 C 0.000000}}
2024/01/10 17:41:43 rx 46: GETATTR n1 {Fh 0 } 
2024/01/10 17:41:43 tx 46:     OK, {tA=0s {M040755 SZ=0 L=0 0:0 B0*4096 i0:0 A 0.000000 M 0.000000 C 0.000000}}
2024/01/10 17:41:47 rx 48: GETATTR n1 {Fh 0 } 
2024/01/10 17:41:47 tx 48:     OK, {tA=0s {M040755 SZ=0 L=0 0:0 B0*4096 i0:0 A 0.000000 M 0.000000 C 0.000000}}
2024/01/10 17:42:01 rx 50: GETATTR n1 {Fh 0 } 
2024/01/10 17:42:01 tx 50:     OK, {tA=0s {M040755 SZ=0 L=0 0:0 B0*4096 i0:0 A 0.000000 M 0.000000 C 0.000000}}
2024/01/10 17:42:05 rx 52: GETATTR n1 {Fh 0 } 
2024/01/10 17:42:05 tx 52:     OK, {tA=0s {M040755 SZ=0 L=0 0:0 B0*4096 i0:0 A 0.000000 M 0.000000 C 0.000000}}
2024/01/10 17:42:05 rx 54: GETATTR n1 {Fh 0 } 
2024/01/10 17:42:05 tx 54:     OK, {tA=0s {M040755 SZ=0 L=0 0:0 B0*4096 i0:0 A 0.000000 M 0.000000 C 0.000000}}
2024/01/10 17:42:08 rx 56: GETATTR n1 {Fh 0 } 
2024/01/10 17:42:08 tx 56:     OK, {tA=0s {M040755 SZ=0 L=0 0:0 B0*4096 i0:0 A 0.000000 M 0.000000 C 0.000000}}
2024/01/10 17:42:09 rx 58: GETATTR n1 {Fh 0 } 
2024/01/10 17:42:09 tx 58:     OK, {tA=0s {M040755 SZ=0 L=0 0:0 B0*4096 i0:0 A 0.000000 M 0.000000 C 0.000000}}
2024/01/10 17:42:09 rx 60: GETATTR n1 {Fh 0 } 
2024/01/10 17:42:09 tx 60:     OK, {tA=0s {M040755 SZ=0 L=0 0:0 B0*4096 i0:0 A 0.000000 M 0.000000 C 0.000000}}
2024/01/10 17:42:12 rx 62: GETATTR n1 {Fh 0 } 
2024/01/10 17:42:12 tx 62:     OK, {tA=0s {M040755 SZ=0 L=0 0:0 B0*4096 i0:0 A 0.000000 M 0.000000 C 0.000000}}
2024/01/10 17:42:12 rx 64: GETATTR n1 {Fh 0 } 
2024/01/10 17:42:12 tx 64:     OK, {tA=0s {M040755 SZ=0 L=0 0:0 B0*4096 i0:0 A 0.000000 M 0.000000 C 0.000000}}
2024/01/10 17:42:12 rx 66: GETATTR n1 {Fh 0 } 
2024/01/10 17:42:12 tx 66:     OK, {tA=0s {M040755 SZ=0 L=0 0:0 B0*4096 i0:0 A 0.000000 M 0.000000 C 0.000000}}
2024/01/10 17:42:13 rx 68: GETATTR n1 {Fh 0 } 
2024/01/10 17:42:13 tx 68:     OK, {tA=0s {M040755 SZ=0 L=0 0:0 B0*4096 i0:0 A 0.000000 M 0.000000 C 0.000000}}
2024/01/10 17:42:13 rx 70: GETATTR n1 {Fh 0 } 
2024/01/10 17:42:13 tx 70:     OK, {tA=0s {M040755 SZ=0 L=0 0:0 B0*4096 i0:0 A 0.000000 M 0.000000 C 0.000000}}
2024/01/10 17:42:14 rx 72: GETATTR n1 {Fh 0 } 
2024/01/10 17:42:14 tx 72:     OK, {tA=0s {M040755 SZ=0 L=0 0:0 B0*4096 i0:0 A 0.000000 M 0.000000 C 0.000000}}
2024/01/10 17:42:15 rx 74: GETATTR n1 {Fh 0 } 
2024/01/10 17:42:15 tx 74:     OK, {tA=0s {M040755 SZ=0 L=0 0:0 B0*4096 i0:0 A 0.000000 M 0.000000 C 0.000000}}
2024/01/10 17:42:18 rx 76: GETATTR n1 {Fh 0 } 
2024/01/10 17:42:18 tx 76:     OK, {tA=0s {M040755 SZ=0 L=0 0:0 B0*4096 i0:0 A 0.000000 M 0.000000 C 0.000000}}
2024/01/10 17:42:22 rx 78: GETATTR n1 {Fh 0 } 
2024/01/10 17:42:22 tx 78:     OK, {tA=0s {M040755 SZ=0 L=0 0:0 B0*4096 i0:0 A 0.000000 M 0.000000 C 0.000000}}
2024/01/10 17:42:22 rx 80: GETATTR n1 {Fh 0 } 
2024/01/10 17:42:22 tx 80:     OK, {tA=0s {M040755 SZ=0 L=0 0:0 B0*4096 i0:0 A 0.000000 M 0.000000 C 0.000000}}
2024/01/10 17:42:22 rx 82: GETATTR n1 {Fh 0 } 
2024/01/10 17:42:22 tx 82:     OK, {tA=0s {M040755 SZ=0 L=0 0:0 B0*4096 i0:0 A 0.000000 M 0.000000 C 0.000000}}
2024/01/10 17:42:22 rx 84: GETATTR n1 {Fh 0 } 
2024/01/10 17:42:22 tx 84:     OK, {tA=0s {M040755 SZ=0 L=0 0:0 B0*4096 i0:0 A 0.000000 M 0.000000 C 0.000000}}
2024/01/10 17:42:22 rx 86: GETATTR n1 {Fh 0 } 
2024/01/10 17:42:22 tx 86:     OK, {tA=0s {M040755 SZ=0 L=0 0:0 B0*4096 i0:0 A 0.000000 M 0.000000 C 0.000000}}
2024/01/10 17:42:22 rx 88: GETATTR n1 {Fh 0 } 
2024/01/10 17:42:22 tx 88:     OK, {tA=0s {M040755 SZ=0 L=0 0:0 B0*4096 i0:0 A 0.000000 M 0.000000 C 0.000000}}
2024/01/10 17:42:22 rx 90: GETATTR n1 {Fh 0 } 
2024/01/10 17:42:22 tx 90:     OK, {tA=0s {M040755 SZ=0 L=0 0:0 B0*4096 i0:0 A 0.000000 M 0.000000 C 0.000000}}
2024/01/10 17:42:22 rx 92: GETATTR n1 {Fh 0 } 
2024/01/10 17:42:22 tx 92:     OK, {tA=0s {M040755 SZ=0 L=0 0:0 B0*4096 i0:0 A 0.000000 M 0.000000 C 0.000000}}
2024/01/10 17:42:22 rx 94: GETATTR n1 {Fh 0 } 
2024/01/10 17:42:22 tx 94:     OK, {tA=0s {M040755 SZ=0 L=0 0:0 B0*4096 i0:0 A 0.000000 M 0.000000 C 0.000000}}
2024/01/10 17:42:22 rx 96: GETATTR n1 {Fh 0 } 
2024/01/10 17:42:22 tx 96:     OK, {tA=0s {M040755 SZ=0 L=0 0:0 B0*4096 i0:0 A 0.000000 M 0.000000 C 0.000000}}
2024/01/10 17:42:22 rx 98: GETATTR n1 {Fh 0 } 
2024/01/10 17:42:22 tx 98:     OK, {tA=0s {M040755 SZ=0 L=0 0:0 B0*4096 i0:0 A 0.000000 M 0.000000 C 0.000000}}
2024/01/10 17:42:22 rx 100: GETATTR n1 {Fh 0 } 
2024/01/10 17:42:22 tx 100:     OK, {tA=0s {M040755 SZ=0 L=0 0:0 B0*4096 i0:0 A 0.000000 M 0.000000 C 0.000000}}
2024/01/10 17:42:22 rx 102: GETATTR n1 {Fh 0 } 
2024/01/10 17:42:22 tx 102:     OK, {tA=0s {M040755 SZ=0 L=0 0:0 B0*4096 i0:0 A 0.000000 M 0.000000 C 0.000000}}
2024/01/10 17:42:22 rx 104: GETATTR n1 {Fh 0 } 
2024/01/10 17:42:22 tx 104:     OK, {tA=0s {M040755 SZ=0 L=0 0:0 B0*4096 i0:0 A 0.000000 M 0.000000 C 0.000000}}
2024/01/10 17:42:23 rx 106: GETATTR n1 {Fh 0 } 
2024/01/10 17:42:23 tx 106:     OK, {tA=0s {M040755 SZ=0 L=0 0:0 B0*4096 i0:0 A 0.000000 M 0.000000 C 0.000000}}
2024/01/10 17:42:23 rx 108: GETATTR n1 {Fh 0 } 
2024/01/10 17:42:23 tx 108:     OK, {tA=0s {M040755 SZ=0 L=0 0:0 B0*4096 i0:0 A 0.000000 M 0.000000 C 0.000000}}
2024/01/10 17:42:23 rx 110: GETATTR n1 {Fh 0 } 
2024/01/10 17:42:23 tx 110:     OK, {tA=0s {M040755 SZ=0 L=0 0:0 B0*4096 i0:0 A 0.000000 M 0.000000 C 0.000000}}
2024/01/10 17:42:23 rx 112: GETATTR n1 {Fh 0 } 
2024/01/10 17:42:23 tx 112:     OK, {tA=0s {M040755 SZ=0 L=0 0:0 B0*4096 i0:0 A 0.000000 M 0.000000 C 0.000000}}
2024/01/10 17:42:23 rx 114: GETATTR n1 {Fh 0 } 
2024/01/10 17:42:23 tx 114:     OK, {tA=0s {M040755 SZ=0 L=0 0:0 B0*4096 i0:0 A 0.000000 M 0.000000 C 0.000000}}
2024/01/10 17:42:23 rx 116: GETATTR n1 {Fh 0 } 
2024/01/10 17:42:23 tx 116:     OK, {tA=0s {M040755 SZ=0 L=0 0:0 B0*4096 i0:0 A 0.000000 M 0.000000 C 0.000000}}
2024/01/10 17:42:24 rx 118: GETATTR n1 {Fh 0 } 
2024/01/10 17:42:24 tx 118:     OK, {tA=0s {M040755 SZ=0 L=0 0:0 B0*4096 i0:0 A 0.000000 M 0.000000 C 0.000000}}
2024/01/10 17:42:24 rx 120: GETATTR n1 {Fh 0 } 
2024/01/10 17:42:24 tx 120:     OK, {tA=0s {M040755 SZ=0 L=0 0:0 B0*4096 i0:0 A 0.000000 M 0.000000 C 0.000000}}
2024/01/10 17:42:24 rx 122: GETATTR n1 {Fh 0 } 
2024/01/10 17:42:24 tx 122:     OK, {tA=0s {M040755 SZ=0 L=0 0:0 B0*4096 i0:0 A 0.000000 M 0.000000 C 0.000000}}
2024/01/10 17:42:24 rx 124: GETATTR n1 {Fh 0 } 
2024/01/10 17:42:24 tx 124:     OK, {tA=0s {M040755 SZ=0 L=0 0:0 B0*4096 i0:0 A 0.000000 M 0.000000 C 0.000000}}
2024/01/10 17:42:24 rx 126: GETATTR n1 {Fh 0 } 
2024/01/10 17:42:24 tx 126:     OK, {tA=0s {M040755 SZ=0 L=0 0:0 B0*4096 i0:0 A 0.000000 M 0.000000 C 0.000000}}
2024/01/10 17:42:24 rx 128: GETATTR n1 {Fh 0 } 
2024/01/10 17:42:24 tx 128:     OK, {tA=0s {M040755 SZ=0 L=0 0:0 B0*4096 i0:0 A 0.000000 M 0.000000 C 0.000000}}
2024/01/10 17:42:24 rx 130: GETATTR n1 {Fh 0 } 
2024/01/10 17:42:24 tx 130:     OK, {tA=0s {M040755 SZ=0 L=0 0:0 B0*4096 i0:0 A 0.000000 M 0.000000 C 0.000000}}
2024/01/10 17:42:24 rx 132: GETATTR n1 {Fh 0 } 
2024/01/10 17:42:24 tx 132:     OK, {tA=0s {M040755 SZ=0 L=0 0:0 B0*4096 i0:0 A 0.000000 M 0.000000 C 0.000000}}
2024/01/10 17:42:25 rx 134: GETATTR n1 {Fh 0 } 
2024/01/10 17:42:25 tx 134:     OK, {tA=0s {M040755 SZ=0 L=0 0:0 B0*4096 i0:0 A 0.000000 M 0.000000 C 0.000000}}
2024/01/10 17:42:25 rx 136: GETATTR n1 {Fh 0 } 
2024/01/10 17:42:25 tx 136:     OK, {tA=0s {M040755 SZ=0 L=0 0:0 B0*4096 i0:0 A 0.000000 M 0.000000 C 0.000000}}
2024/01/10 17:42:25 rx 138: GETATTR n1 {Fh 0 } 
2024/01/10 17:42:25 tx 138:     OK, {tA=0s {M040755 SZ=0 L=0 0:0 B0*4096 i0:0 A 0.000000 M 0.000000 C 0.000000}}
2024/01/10 17:42:25 rx 140: GETATTR n1 {Fh 0 } 
2024/01/10 17:42:25 tx 140:     OK, {tA=0s {M040755 SZ=0 L=0 0:0 B0*4096 i0:0 A 0.000000 M 0.000000 C 0.000000}}
2024/01/10 17:42:25 rx 142: GETATTR n1 {Fh 0 } 
2024/01/10 17:42:25 tx 142:     OK, {tA=0s {M040755 SZ=0 L=0 0:0 B0*4096 i0:0 A 0.000000 M 0.000000 C 0.000000}}
2024/01/10 17:43:08 rx 144: ACCESS n1 {u=0 g=0 x} 
2024/01/10 17:43:08 tx 144:     OK
2024/01/10 17:43:08 rx 146: OPENDIR n1 
2024/01/10 17:43:08 tx 146:     OK, {Fh 1 }
2024/01/10 17:43:08 rx 148: GETATTR n1 {Fh 0 } 
2024/01/10 17:43:08 tx 148:     OK, {tA=0s {M040755 SZ=0 L=0 0:0 B0*4096 i0:0 A 0.000000 M 0.000000 C 0.000000}}
2024/01/10 17:43:08 rx 150: READDIRPLUS n1 {Fh 1 [0 +4096)  L 0 NONBLOCK,LARGEFILE,DIRECTORY} 
2024/01/10 17:43:08 tx 150:     OK,  488b data "\x02\x00\x00\x00\x00\x00\x00\x00"...
2024/01/10 17:43:08 rx 152: READDIRPLUS n1 {Fh 1 [3 +4096)  L 0 NONBLOCK,LARGEFILE,DIRECTORY} 
2024/01/10 17:43:08 tx 152:     OK
2024/01/10 17:43:08 rx 154: RELEASEDIR n1 {Fh 1 NONBLOCK,LARGEFILE,DIRECTORY  L0} 
2024/01/10 17:43:08 tx 154:     OK
2024/01/10 17:43:12 rx 156: LOOKUP n1 ["file_one"] 9b
2024/01/10 17:43:12 tx 156:     OK, {n2 g0 tE=0s tA=0s {M0100644 SZ=45 L=0 0:0 B8*4096 i0:100 A 0.000000 M 0.000000 C 0.000000}}
2024/01/10 17:43:12 rx 158: OPEN n2 {LARGEFILE} 
2024/01/10 17:43:12 tx 158:     OK, {Fh 0 CACHE}
2024/01/10 17:43:12 rx 160: GETATTR n2 {Fh 0 } 
2024/01/10 17:43:12 tx 160:     OK, {tA=0s {M0100644 SZ=45 L=0 0:0 B8*4096 i0:100 A 0.000000 M 0.000000 C 0.000000}}
2024/01/10 17:43:12 rx 162: GETATTR n2 {Fh 0 FH} 
2024/01/10 17:43:12 tx 162:     OK, {tA=0s {M0100644 SZ=45 L=0 0:0 B8*4096 i0:100 A 0.000000 M 0.000000 C 0.000000}}
2024/01/10 17:43:12 rx 164: READ n2 {Fh 0 [0 +4096)  L 0 LARGEFILE} 
2024/01/10 17:43:12 tx 164:     OK,  45b data "Test fil"...
2024/01/10 17:43:12 rx 166: GETATTR n2 {Fh 0 FH} 
2024/01/10 17:43:12 tx 166:     OK, {tA=0s {M0100644 SZ=45 L=0 0:0 B8*4096 i0:100 A 0.000000 M 0.000000 C 0.000000}}
2024/01/10 17:43:12 rx 168: FLUSH n2 {Fh 0} 
2024/01/10 17:43:12 tx 168:     OK
2024/01/10 17:43:12 rx 170: RELEASE n2 {Fh 0 LARGEFILE  L0} 
2024/01/10 17:43:12 tx 170:     OK
